\BOOKMARK [1][-]{section.1}{\376\377\000P\000r\000e\000d\000j\000e\000d\000l\000\341}{}% 1
\BOOKMARK [2][-]{subsection.1.1}{\376\377\000\040\000C\000e\000s\000n\000a\000k\000o\000v\000\341\000\040\000n\000\341\000t\000i\000e\000r\000k\000a\000\040}{section.1}% 2
\BOOKMARK [2][-]{subsection.1.2}{\376\377\000\040\000V\000a\000j\000\355\001\015\000k\000o\000v\000\341\000\040\000n\000\341\000t\000i\000e\000r\000k\000a\000\040}{section.1}% 3
\BOOKMARK [2][-]{subsection.1.3}{\376\377\000\040\000T\000a\000p\000e\000n\000a\000r\000d\000e\000\040}{section.1}% 4
\BOOKMARK [1][-]{section.2}{\376\377\000S\000l\000a\000d\000k\000\351\000\040\000j\000e\000d\000l\000\341}{}% 5
\BOOKMARK [2][-]{subsection.2.1}{\376\377\000\040\000B\000r\000o\000w\000n\000i\000e\000s\000\040}{section.2}% 6
\BOOKMARK [2][-]{subsection.2.2}{\376\377\000\040\000C\000h\000e\000e\000s\000e\000c\000a\000k\000e\000\040\000s\000o\000\040\000s\000l\000a\000n\000\375\000m\000\040\000k\000a\000r\000a\000m\000e\000l\000o\000m\000\040}{section.2}% 7
\BOOKMARK [2][-]{subsection.2.3}{\376\377\000\040\000C\000u\000p\000c\000a\000k\000e\000s\000\040}{section.2}% 8
\BOOKMARK [2][-]{subsection.2.4}{\376\377\000\040\000I\000K\000E\000A\000\040\000t\000o\000r\000t\000a\000\040}{section.2}% 9
\BOOKMARK [2][-]{subsection.2.5}{\376\377\000\040\000D\000o\000n\000u\000t\000y\000\040}{section.2}% 10
\BOOKMARK [2][-]{subsection.2.6}{\376\377\000\040\000D\000u\000k\000\341\000t\000o\000v\000\351\000\040\000b\000u\000c\000h\000t\000i\001\015\000k\000y\000\040}{section.2}% 11
\BOOKMARK [2][-]{subsection.2.7}{\376\377\000\040\000P\000u\000d\000i\000n\000g\000o\000v\000\341\000\040\000t\000o\000r\000t\000a\000\040}{section.2}% 12
\BOOKMARK [2][-]{subsection.2.8}{\376\377\000\040\000M\000a\000r\000s\000h\000m\000a\000l\000l\000o\000w\000\040\000f\000o\000n\000d\000\341\000n\000\040}{section.2}% 13
\BOOKMARK [2][-]{subsection.2.9}{\376\377\000\040\000F\000a\000k\000e\000\040\000k\000e\000k\000s\000e\000\040\000k\000u\000\040\000k\000\341\000v\000e\000\040}{section.2}% 14
\BOOKMARK [2][-]{subsection.2.10}{\376\377\000\040\000J\000a\000b\000l\000k\000o\000v\000\351\000\040\000l\000i\000e\000v\000a\000n\000c\000e\000\040}{section.2}% 15
\BOOKMARK [2][-]{subsection.2.11}{\376\377\000\040\000L\000i\000s\000t\000k\000o\000v\000e\000\040\000c\000e\000s\000t\000o\000\040}{section.2}% 16
\BOOKMARK [2][-]{subsection.2.12}{\376\377\000\040\000M\000a\000k\000r\000\363\000n\000k\000y\000\040}{section.2}% 17
\BOOKMARK [2][-]{subsection.2.13}{\376\377\000\040\000M\000e\000d\000o\000v\000\351\000\040\000r\000e\000z\000y\000\040}{section.2}% 18
\BOOKMARK [2][-]{subsection.2.14}{\376\377\000\040\000M\000e\000d\000o\000v\000n\000\355\000k\000y\000\040}{section.2}% 19
\BOOKMARK [2][-]{subsection.2.15}{\376\377\000\040\000P\000a\000l\000a\000c\000i\000n\000k\000y\000\040}{section.2}% 20
\BOOKMARK [2][-]{subsection.2.16}{\376\377\000\040\000B\000u\000c\000h\000t\000y\000\040\000n\000a\000\040\000p\000a\000r\000e\000\040}{section.2}% 21
\BOOKMARK [2][-]{subsection.2.17}{\376\377\000\040\000P\000i\001\141\000k\000\363\000t\000o\000v\000\351\000\040\000c\000e\000s\000t\000o\000\040}{section.2}% 22
\BOOKMARK [2][-]{subsection.2.18}{\376\377\000\040\000S\000a\000l\000k\000o\000\040\000k\000r\000\351\000m\000\040\000n\000a\000\040\000t\000o\000r\000t\000u\000\040}{section.2}% 23
\BOOKMARK [2][-]{subsection.2.19}{\376\377\000\040\001\140\000i\001\141\000k\000y\000\040\000p\000l\000n\000e\000n\000\351\000\040\000k\000a\000r\000a\000m\000e\000l\000o\000v\000\375\000m\000\040\000p\000u\000d\000i\000n\000g\000o\000m\000\040}{section.2}% 24
\BOOKMARK [2][-]{subsection.2.20}{\376\377\000\040\001\140\001\076\000a\000h\000a\001\015\000k\000o\000v\000\341\000\040\000t\000o\000r\000t\000a\000\040}{section.2}% 25
\BOOKMARK [2][-]{subsection.2.21}{\376\377\000\040\000T\000i\000r\000a\000m\000i\000s\000u\000\040}{section.2}% 26
\BOOKMARK [2][-]{subsection.2.22}{\376\377\000\040\000V\000e\000t\000e\000r\000n\000\355\000k\000y\000\040}{section.2}% 27
\BOOKMARK [2][-]{subsection.2.23}{\376\377\000\040\000W\000a\000f\001\076\000e\000\040}{section.2}% 28
\BOOKMARK [1][-]{section.3}{\376\377\000S\000l\000a\000n\000\351\000\040\000j\000e\000d\000l\000\341}{}% 29
\BOOKMARK [2][-]{subsection.3.1}{\376\377\000\040\000B\000u\000t\000t\000e\000r\000\040\000C\000h\000i\000c\000k\000e\000n\000\040}{section.3}% 30
\BOOKMARK [2][-]{subsection.3.2}{\376\377\000\040\000C\000e\000s\000t\000o\000v\000i\000n\000y\000\040}{section.3}% 31
\BOOKMARK [2][-]{subsection.3.3}{\376\377\000\040\000D\000h\000a\000l\000\040}{section.3}% 32
\BOOKMARK [2][-]{subsection.3.4}{\376\377\000\040\000D\001\176\000a\000d\000k\000y\000\040}{section.3}% 33
\BOOKMARK [2][-]{subsection.3.5}{\376\377\000\040\000G\000r\000a\000n\000a\000d\000\355\000r\000\040}{section.3}% 34
\BOOKMARK [2][-]{subsection.3.6}{\376\377\000\040\000V\000a\000r\000e\000n\000\341\000\040\000k\000u\000k\000u\000r\000i\000c\000a\000\040}{section.3}% 35
\BOOKMARK [2][-]{subsection.3.7}{\376\377\000\040\000L\000a\000n\000g\000o\001\141\000e\000\040}{section.3}% 36
\BOOKMARK [2][-]{subsection.3.8}{\376\377\000\040\000L\000a\000s\000a\000g\000n\000e\000\040\000s\000\040\000b\000r\000o\000k\000o\000l\000i\000c\000o\000u\000\040}{section.3}% 37
\BOOKMARK [2][-]{subsection.3.9}{\376\377\000\040\000L\000o\000k\001\141\000e\000\040}{section.3}% 38
\BOOKMARK [2][-]{subsection.3.10}{\376\377\000\040\000M\000\344\000s\000o\000\040\000s\000\040\000b\000y\000l\000i\000n\000k\000o\000v\000\375\000m\000\040\000m\000a\000s\000l\000o\000m\000\040}{section.3}% 39
\BOOKMARK [2][-]{subsection.3.11}{\376\377\000\040\000S\000y\000r\000o\000v\000\341\000\040\000o\000m\000\341\001\015\000k\000a\000\040\000k\000\040\000m\000\344\000s\000u\000\040}{section.3}% 40
\BOOKMARK [2][-]{subsection.3.12}{\376\377\000\040\000N\000a\000a\000n\000\040}{section.3}% 41
\BOOKMARK [2][-]{subsection.3.13}{\376\377\000\040\000O\000b\000r\000\341\000t\000e\000n\000\351\000\040\000r\000e\000z\000n\000e\000\040}{section.3}% 42
\BOOKMARK [2][-]{subsection.3.14}{\376\377\000\040\000P\000a\000p\000r\000i\000k\000o\000v\000\351\000\040\000r\000e\000z\000n\000e\000\040}{section.3}% 43
\BOOKMARK [2][-]{subsection.3.15}{\376\377\000\040\000P\000i\000r\000o\000h\000y\000\040}{section.3}% 44
\BOOKMARK [2][-]{subsection.3.16}{\376\377\000\040\000P\000i\000z\000z\000a\000\040}{section.3}% 45
\BOOKMARK [2][-]{subsection.3.17}{\376\377\000\040\000S\000w\000e\000e\000t\000\040\000c\000h\000i\000l\000l\000i\000\040\000k\000u\000r\000a\000c\000i\000e\000\040\000n\000u\000g\000e\000t\000k\000y\000\040}{section.3}% 46
\BOOKMARK [2][-]{subsection.3.18}{\376\377\000\040\000T\000e\000k\000v\000i\000c\000o\000v\000\351\000\040\000r\000i\000z\000o\000t\000o\000\040}{section.3}% 47
\BOOKMARK [2][-]{subsection.3.19}{\376\377\000\040\000K\000u\000r\000a\000\040\000v\000\040\000t\000e\000r\000i\000y\000a\000k\000i\000\040\000o\000m\000\341\001\015\000k\000e\000\040}{section.3}% 48
\BOOKMARK [1][-]{section.4}{\376\377\000P\000o\000l\000i\000e\000v\000k\000y}{}% 49
\BOOKMARK [2][-]{subsection.4.1}{\376\377\000\040\000B\000a\000s\000i\000c\000\040\000p\000o\000l\000i\000e\000v\000k\000a\000\040}{section.4}% 50
\BOOKMARK [2][-]{subsection.4.2}{\376\377\000\040\000K\000a\000p\000u\000s\000t\000n\000i\000c\000a\000\040}{section.4}% 51
\BOOKMARK [2][-]{subsection.4.3}{\376\377\000\040\000H\000r\000\341\001\141\000k\000o\000v\000\341\000\040\000k\000r\000\351\000m\000o\000v\000\341\000\040}{section.4}% 52
\BOOKMARK [2][-]{subsection.4.4}{\376\377\000\040\000F\000a\000z\000u\001\076\000o\000v\000\341\000\040\000p\000o\000l\000i\000e\000v\000k\000a\000\040}{section.4}% 53
\BOOKMARK [2][-]{subsection.4.5}{\376\377\000\040\000B\000r\000o\000k\000o\000l\000i\000c\000o\000v\000\341\000\040\000p\000o\000l\000i\000e\000v\000k\000a\000\040}{section.4}% 54
\BOOKMARK [2][-]{subsection.4.6}{\376\377\000\040\000H\000u\000b\000o\000v\000\341\000\040\000k\000r\000\351\000m\000o\000v\000\341\000\040}{section.4}% 55
\BOOKMARK [2][-]{subsection.4.7}{\376\377\000\040\000H\000o\000k\000a\000i\000d\000o\000\040\000k\000r\000\351\000m\000o\000v\000\341\000\040}{section.4}% 56
\BOOKMARK [2][-]{subsection.4.8}{\376\377\000\040\000S\000y\000r\000o\000v\000\341\000\040\000p\000o\000l\000i\000e\000v\000k\000a\000\040}{section.4}% 57
\BOOKMARK [2][-]{subsection.4.9}{\376\377\000\040\000P\000a\000r\000a\000d\000a\000j\000k\000o\000v\000\341\000\040\000p\000o\000l\000i\000e\000v\000k\000a\000\040}{section.4}% 58
\BOOKMARK [1][-]{section.5}{\376\377\000K\000v\000\341\000s\000k\000o\000v\000a\000n\000i\000e}{}% 59
\BOOKMARK [2][-]{subsection.5.1}{\376\377\000\040\000B\000r\000i\000o\001\141\000k\000a\000\040}{section.5}% 60
\BOOKMARK [2][-]{subsection.5.2}{\376\377\000\040\000B\000u\000r\000g\000r\000o\000v\000\351\000\040\001\176\000e\000m\000l\000e\000\040}{section.5}% 61
\BOOKMARK [2][-]{subsection.5.3}{\376\377\000\040\000C\000h\000l\000i\000e\000b\000\040}{section.5}% 62
\BOOKMARK [2][-]{subsection.5.4}{\376\377\000\040\001\014\000o\000k\000o\000l\000\341\000d\000o\000v\000\375\000\040\000c\000h\000l\000i\000e\000b\000\040}{section.5}% 63
\BOOKMARK [2][-]{subsection.5.5}{\376\377\000\040\000K\001\125\000m\000e\000n\000i\000e\000\040\000k\000v\000\341\000s\000k\000u\000\040}{section.5}% 64
\BOOKMARK [2][-]{subsection.5.6}{\376\377\000\040\000P\000i\000z\000z\000a\000\040}{section.5}% 65
\BOOKMARK [2][-]{subsection.5.7}{\376\377\000\040\000P\000a\000g\000\341\001\015\000e\000\040}{section.5}% 66
\BOOKMARK [2][-]{subsection.5.8}{\376\377\000\040\000T\000o\000a\000s\000t\000o\000v\000\375\000\040\000c\000h\000l\000i\000e\000b\000\040}{section.5}% 67
\BOOKMARK [2][-]{subsection.5.9}{\376\377\000\040\000V\000i\000a\000n\000o\001\015\000k\000a\000\040}{section.5}% 68
\BOOKMARK [1][-]{section.6}{\376\377\000T\000e\000m\000p\000l\000a\000t\000e}{}% 69
\BOOKMARK [2][-]{subsection.6.1}{\376\377\000\040\000F\000l\000o\000r\000e\000n\000t\000i\000n\000s\000\040\000a\000u\000\040\000c\000h\000o\000c\000o\000l\000a\000t\000\040}{section.6}% 70
